============================================================
GTEST CASE REPORT
============================================================

Group: selected
Executable: test_ControllerLogic__src__logic.exe

Total cases: 6
Passed: 6
Failed: 0

PASSED: ControllerLogicTest.AllClearAndFresh_ReturnsClearOk
PASSED: ControllerLogicTest.OwnBlockOccupied_ReturnsStopOk
PASSED: ControllerLogicTest.DownstreamBlockOccupied_ReturnsCautionOk
PASSED: ControllerLogicTest.ControllerDataStale_ReturnsStopFault
PASSED: ControllerLogicTest.OwnTrackCircuitUnhealthy_ReturnsStopDegraded
PASSED: ControllerLogicTest.LastTickZero_IsAlwaysFresh


============================================================
CTEST SUMMARY
============================================================

Return code: 0

STATUS: COMPLETED

--- STDOUT/STDERR ---
Test project C:/Users/SwathantraPulicherla/workspaces/UnitTestGen/RailwaySignalSystem/tests/build
    Start 1: test_ControllerHelpers__src__logic
1/3 Test #1: test_ControllerHelpers__src__logic ...   Passed    0.39 sec
    Start 2: test_ControllerLogic__src__logic
2/3 Test #2: test_ControllerLogic__src__logic .....   Passed    0.29 sec
    Start 3: test_Interlocking__src__logic
3/3 Test #3: test_Interlocking__src__logic ........   Passed    0.32 sec

100% tests passed, 0 tests failed out of 3

Total Test time (real) =   1.03 sec
